# JRE version: OpenJDK Runtime Environment Temurin-17.0.12+7 (17.0.12+7) (build 17.0.12+7)
# Java VM: OpenJDK 64-Bit Server VM Temurin-17.0.12+7 (17.0.12+7, mixed mode, tiered, compressed oops, compressed class ptrs, parallel gc, windows-amd64)
GC Precious Log:
 CPUs: 4 total, 4 available
 Memory: 6056M
 Large Page Support: Disabled
 NUMA Support: Disabled
 Compressed Oops: Enabled (32-bit)
 Alignments: Space 512K, Generation 512K, Heap 2M
 Heap Min Capacity: 100M
 Heap Initial Capacity: 100M
 Heap Max Capacity: 1G
 Pre-touch: Disabled
 Parallel Workers: 4
Heap:
 PSYoungGen      total 2560K, used 1047K [0x00000000eab00000, 0x00000000eb080000, 0x0000000100000000)
  eden space 1024K, 0% used [0x00000000eab00000,0x00000000eab00000,0x00000000eac00000)
  from space 1536K, 68% used [0x00000000eac00000,0x00000000ead05f70,0x00000000ead80000)
  to   space 2048K, 0% used [0x00000000eae80000,0x00000000eae80000,0x00000000eb080000)
 ParOldGen       total 131072K, used 110571K [0x00000000c0000000, 0x00000000c8000000, 0x00000000eab00000)
  object space 131072K, 84% used [0x00000000c0000000,0x00000000c6bfac20,0x00000000c8000000)
 Metaspace       used 73582K, committed 74816K, reserved 1179648K
  class space    used 7624K, committed 8256K, reserved 1048576K
GC Heap History (20 events):
Event: 15643.456 GC heap after
{Heap after GC invocations=601 (full 16):
 PSYoungGen      total 4096K, used 448K [0x00000000eab00000, 0x00000000eb000000, 0x0000000100000000)
  eden space 3584K, 0% used [0x00000000eab00000,0x00000000eab00000,0x00000000eae80000)
  from space 512K, 87% used [0x00000000eaf80000,0x00000000eaff0000,0x00000000eb000000)
  to   space 512K, 0% used [0x00000000eaf00000,0x00000000eaf00000,0x00000000eaf80000)
 ParOldGen       total 131072K, used 106735K [0x00000000c0000000, 0x00000000c8000000, 0x00000000eab00000)
  object space 131072K, 81% used [0x00000000c0000000,0x00000000c683be08,0x00000000c8000000)
 Metaspace       used 73501K, committed 74816K, reserved 1179648K
  class space    used 7619K, committed 8256K, reserved 1048576K
}
Event: 15643.475 GC heap before
{Heap before GC invocations=602 (full 16):
 PSYoungGen      total 4096K, used 4032K [0x00000000eab00000, 0x00000000eb000000, 0x0000000100000000)
  eden space 3584K, 100% used [0x00000000eab00000,0x00000000eae80000,0x00000000eae80000)
  from space 512K, 87% used [0x00000000eaf80000,0x00000000eaff0000,0x00000000eb000000)
  to   space 512K, 0% used [0x00000000eaf00000,0x00000000eaf00000,0x00000000eaf80000)
 ParOldGen       total 131072K, used 106735K [0x00000000c0000000, 0x00000000c8000000, 0x00000000eab00000)
  object space 131072K, 81% used [0x00000000c0000000,0x00000000c683be08,0x00000000c8000000)
 Metaspace       used 73501K, committed 74816K, reserved 1179648K
  class space    used 7619K, committed 8256K, reserved 1048576K
}
Event: 15643.476 GC heap after
{Heap after GC invocations=602 (full 16):
 PSYoungGen      total 4096K, used 160K [0x00000000eab00000, 0x00000000eb000000, 0x0000000100000000)
  eden space 3584K, 0% used [0x00000000eab00000,0x00000000eab00000,0x00000000eae80000)
  from space 512K, 31% used [0x00000000eaf00000,0x00000000eaf28000,0x00000000eaf80000)
  to   space 512K, 0% used [0x00000000eaf80000,0x00000000eaf80000,0x00000000eb000000)
 ParOldGen       total 131072K, used 106735K [0x00000000c0000000, 0x00000000c8000000, 0x00000000eab00000)
  object space 131072K, 81% used [0x00000000c0000000,0x00000000c683be08,0x00000000c8000000)
 Metaspace       used 73501K, committed 74816K, reserved 1179648K
  class space    used 7619K, committed 8256K, reserved 1048576K
}
Event: 15643.494 GC heap before
{Heap before GC invocations=603 (full 16):
 PSYoungGen      total 4096K, used 3744K [0x00000000eab00000, 0x00000000eb000000, 0x0000000100000000)
  eden space 3584K, 100% used [0x00000000eab00000,0x00000000eae80000,0x00000000eae80000)
  from space 512K, 31% used [0x00000000eaf00000,0x00000000eaf28000,0x00000000eaf80000)
  to   space 512K, 0% used [0x00000000eaf80000,0x00000000eaf80000,0x00000000eb000000)
 ParOldGen       total 131072K, used 106735K [0x00000000c0000000, 0x00000000c8000000, 0x00000000eab00000)
  object space 131072K, 81% used [0x00000000c0000000,0x00000000c683be08,0x00000000c8000000)
 Metaspace       used 73502K, committed 74816K, reserved 1179648K
  class space    used 7619K, committed 8256K, reserved 1048576K
}
Event: 15643.496 GC heap after
{Heap after GC invocations=603 (full 16):
 PSYoungGen      total 4096K, used 480K [0x00000000eab00000, 0x00000000eb080000, 0x0000000100000000)
  eden space 3584K, 0% used [0x00000000eab00000,0x00000000eab00000,0x00000000eae80000)
  from space 512K, 93% used [0x00000000eaf80000,0x00000000eaff8000,0x00000000eb000000)
  to   space 1024K, 0% used [0x00000000eae80000,0x00000000eae80000,0x00000000eaf80000)
 ParOldGen       total 131072K, used 106735K [0x00000000c0000000, 0x00000000c8000000, 0x00000000eab00000)
  object space 131072K, 81% used [0x00000000c0000000,0x00000000c683be08,0x00000000c8000000)
 Metaspace       used 73502K, committed 74816K, reserved 1179648K
  class space    used 7619K, committed 8256K, reserved 1048576K
}
Event: 15643.516 GC heap before
{Heap before GC invocations=604 (full 16):
 PSYoungGen      total 4096K, used 4064K [0x00000000eab00000, 0x00000000eb080000, 0x0000000100000000)
  eden space 3584K, 100% used [0x00000000eab00000,0x00000000eae80000,0x00000000eae80000)
  from space 512K, 93% used [0x00000000eaf80000,0x00000000eaff8000,0x00000000eb000000)
  to   space 1024K, 0% used [0x00000000eae80000,0x00000000eae80000,0x00000000eaf80000)
 ParOldGen       total 131072K, used 106735K [0x00000000c0000000, 0x00000000c8000000, 0x00000000eab00000)
  object space 131072K, 81% used [0x00000000c0000000,0x00000000c683be08,0x00000000c8000000)
 Metaspace       used 73502K, committed 74816K, reserved 1179648K
  class space    used 7619K, committed 8256K, reserved 1048576K
}
Event: 15643.517 GC heap after
{Heap after GC invocations=604 (full 16):
 PSYoungGen      total 4608K, used 128K [0x00000000eab00000, 0x00000000eb000000, 0x0000000100000000)
  eden space 3584K, 0% used [0x00000000eab00000,0x00000000eab00000,0x00000000eae80000)
  from space 1024K, 12% used [0x00000000eae80000,0x00000000eaea0000,0x00000000eaf80000)
  to   space 512K, 0% used [0x00000000eaf80000,0x00000000eaf80000,0x00000000eb000000)
 ParOldGen       total 131072K, used 106735K [0x00000000c0000000, 0x00000000c8000000, 0x00000000eab00000)
  object space 131072K, 81% used [0x00000000c0000000,0x00000000c683be08,0x00000000c8000000)
 Metaspace       used 73502K, committed 74816K, reserved 1179648K
  class space    used 7619K, committed 8256K, reserved 1048576K
}
Event: 17990.032 GC heap before
{Heap before GC invocations=605 (full 16):
 PSYoungGen      total 4608K, used 3712K [0x00000000eab00000, 0x00000000eb000000, 0x0000000100000000)
  eden space 3584K, 100% used [0x00000000eab00000,0x00000000eae80000,0x00000000eae80000)
  from space 1024K, 12% used [0x00000000eae80000,0x00000000eaea0000,0x00000000eaf80000)
  to   space 512K, 0% used [0x00000000eaf80000,0x00000000eaf80000,0x00000000eb000000)
 ParOldGen       total 131072K, used 106735K [0x00000000c0000000, 0x00000000c8000000, 0x00000000eab00000)
  object space 131072K, 81% used [0x00000000c0000000,0x00000000c683be08,0x00000000c8000000)
 Metaspace       used 73522K, committed 74816K, reserved 1179648K
  class space    used 7619K, committed 8256K, reserved 1048576K
}
Event: 17991.943 GC heap after
{Heap after GC invocations=605 (full 16):
 PSYoungGen      total 4096K, used 192K [0x00000000eab00000, 0x00000000eb000000, 0x0000000100000000)
  eden space 3584K, 0% used [0x00000000eab00000,0x00000000eab00000,0x00000000eae80000)
  from space 512K, 37% used [0x00000000eaf80000,0x00000000eafb0020,0x00000000eb000000)
  to   space 512K, 0% used [0x00000000eaf00000,0x00000000eaf00000,0x00000000eaf80000)
 ParOldGen       total 131072K, used 106751K [0x00000000c0000000, 0x00000000c8000000, 0x00000000eab00000)
  object space 131072K, 81% used [0x00000000c0000000,0x00000000c683fe08,0x00000000c8000000)
 Metaspace       used 73522K, committed 74816K, reserved 1179648K
  class space    used 7619K, committed 8256K, reserved 1048576K
}
Event: 62814.449 GC heap before
{Heap before GC invocations=606 (full 16):
 PSYoungGen      total 4096K, used 2598K [0x00000000eab00000, 0x00000000eb000000, 0x0000000100000000)
  eden space 3584K, 67% used [0x00000000eab00000,0x00000000ead59aa0,0x00000000eae80000)
  from space 512K, 37% used [0x00000000eaf80000,0x00000000eafb0020,0x00000000eb000000)
  to   space 512K, 0% used [0x00000000eaf00000,0x00000000eaf00000,0x00000000eaf80000)
 ParOldGen       total 131072K, used 106751K [0x00000000c0000000, 0x00000000c8000000, 0x00000000eab00000)
  object space 131072K, 81% used [0x00000000c0000000,0x00000000c683fe08,0x00000000c8000000)
 Metaspace       used 73558K, committed 74816K, reserved 1179648K
  class space    used 7622K, committed 8256K, reserved 1048576K
}
Event: 62817.702 GC heap after
{Heap after GC invocations=606 (full 16):
 PSYoungGen      total 4096K, used 256K [0x00000000eab00000, 0x00000000eb000000, 0x0000000100000000)
  eden space 3584K, 0% used [0x00000000eab00000,0x00000000eab00000,0x00000000eae80000)
  from space 512K, 50% used [0x00000000eaf00000,0x00000000eaf40020,0x00000000eaf80000)
  to   space 512K, 0% used [0x00000000eaf80000,0x00000000eaf80000,0x00000000eb000000)
 ParOldGen       total 131072K, used 106759K [0x00000000c0000000, 0x00000000c8000000, 0x00000000eab00000)
  object space 131072K, 81% used [0x00000000c0000000,0x00000000c6841e08,0x00000000c8000000)
 Metaspace       used 73558K, committed 74816K, reserved 1179648K
  class space    used 7622K, committed 8256K, reserved 1048576K
}
Event: 62819.146 GC heap before
{Heap before GC invocations=607 (full 16):
 PSYoungGen      total 4096K, used 3824K [0x00000000eab00000, 0x00000000eb000000, 0x0000000100000000)
  eden space 3584K, 99% used [0x00000000eab00000,0x00000000eae7c130,0x00000000eae80000)
  from space 512K, 50% used [0x00000000eaf00000,0x00000000eaf40020,0x00000000eaf80000)
  to   space 512K, 0% used [0x00000000eaf80000,0x00000000eaf80000,0x00000000eb000000)
 ParOldGen       total 131072K, used 106759K [0x00000000c0000000, 0x00000000c8000000, 0x00000000eab00000)
  object space 131072K, 81% used [0x00000000c0000000,0x00000000c6841e08,0x00000000c8000000)
 Metaspace       used 73568K, committed 74816K, reserved 1179648K
  class space    used 7623K, committed 8256K, reserved 1048576K
}
Event: 62819.466 GC heap after
{Heap after GC invocations=607 (full 16):
 PSYoungGen      total 4096K, used 479K [0x00000000eab00000, 0x00000000eb080000, 0x0000000100000000)
  eden space 3584K, 0% used [0x00000000eab00000,0x00000000eab00000,0x00000000eae80000)
  from space 512K, 93% used [0x00000000eaf80000,0x00000000eaff7dc0,0x00000000eb000000)
  to   space 1024K, 0% used [0x00000000eae80000,0x00000000eae80000,0x00000000eaf80000)
 ParOldGen       total 131072K, used 108688K [0x00000000c0000000, 0x00000000c8000000, 0x00000000eab00000)
  object space 131072K, 82% used [0x00000000c0000000,0x00000000c6a24240,0x00000000c8000000)
 Metaspace       used 73568K, committed 74816K, reserved 1179648K
  class space    used 7623K, committed 8256K, reserved 1048576K
}
Event: 62821.706 GC heap before
{Heap before GC invocations=608 (full 16):
 PSYoungGen      total 4096K, used 4063K [0x00000000eab00000, 0x00000000eb080000, 0x0000000100000000)
  eden space 3584K, 100% used [0x00000000eab00000,0x00000000eae80000,0x00000000eae80000)
  from space 512K, 93% used [0x00000000eaf80000,0x00000000eaff7dc0,0x00000000eb000000)
  to   space 1024K, 0% used [0x00000000eae80000,0x00000000eae80000,0x00000000eaf80000)
 ParOldGen       total 131072K, used 108688K [0x00000000c0000000, 0x00000000c8000000, 0x00000000eab00000)
  object space 131072K, 82% used [0x00000000c0000000,0x00000000c6a24240,0x00000000c8000000)
 Metaspace       used 73572K, committed 74816K, reserved 1179648K
  class space    used 7623K, committed 8256K, reserved 1048576K
}
Event: 62821.764 GC heap after
{Heap after GC invocations=608 (full 16):
 PSYoungGen      total 4608K, used 887K [0x00000000eab00000, 0x00000000eb080000, 0x0000000100000000)
  eden space 3584K, 0% used [0x00000000eab00000,0x00000000eab00000,0x00000000eae80000)
  from space 1024K, 86% used [0x00000000eae80000,0x00000000eaf5dd40,0x00000000eaf80000)
  to   space 1024K, 0% used [0x00000000eaf80000,0x00000000eaf80000,0x00000000eb080000)
 ParOldGen       total 131072K, used 108712K [0x00000000c0000000, 0x00000000c8000000, 0x00000000eab00000)
  object space 131072K, 82% used [0x00000000c0000000,0x00000000c6a2a240,0x00000000c8000000)
 Metaspace       used 73572K, committed 74816K, reserved 1179648K
  class space    used 7623K, committed 8256K, reserved 1048576K
}
Event: 62823.211 GC heap before
{Heap before GC invocations=609 (full 16):
 PSYoungGen      total 4608K, used 4162K [0x00000000eab00000, 0x00000000eb080000, 0x0000000100000000)
  eden space 3584K, 91% used [0x00000000eab00000,0x00000000eae32b78,0x00000000eae80000)
  from space 1024K, 86% used [0x00000000eae80000,0x00000000eaf5dd40,0x00000000eaf80000)
  to   space 1024K, 0% used [0x00000000eaf80000,0x00000000eaf80000,0x00000000eb080000)
 ParOldGen       total 131072K, used 108712K [0x00000000c0000000, 0x00000000c8000000, 0x00000000eab00000)
  object space 131072K, 82% used [0x00000000c0000000,0x00000000c6a2a240,0x00000000c8000000)
 Metaspace       used 73582K, committed 74816K, reserved 1179648K
  class space    used 7624K, committed 8256K, reserved 1048576K
}
Event: 62823.408 GC heap after
{Heap after GC invocations=609 (full 16):
 PSYoungGen      total 2048K, used 999K [0x00000000eab00000, 0x00000000eb580000, 0x0000000100000000)
  eden space 1024K, 0% used [0x00000000eab00000,0x00000000eab00000,0x00000000eac00000)
  from space 1024K, 97% used [0x00000000eaf80000,0x00000000eb079f60,0x00000000eb080000)
  to   space 3584K, 0% used [0x00000000eac00000,0x00000000eac00000,0x00000000eaf80000)
 ParOldGen       total 131072K, used 110563K [0x00000000c0000000, 0x00000000c8000000, 0x00000000eab00000)
  object space 131072K, 84% used [0x00000000c0000000,0x00000000c6bf8c20,0x00000000c8000000)
 Metaspace       used 73582K, committed 74816K, reserved 1179648K
  class space    used 7624K, committed 8256K, reserved 1048576K
}
Event: 62823.408 GC heap before
{Heap before GC invocations=610 (full 16):
 PSYoungGen      total 2048K, used 999K [0x00000000eab00000, 0x00000000eb580000, 0x0000000100000000)
  eden space 1024K, 0% used [0x00000000eab00000,0x00000000eab00000,0x00000000eac00000)
  from space 1024K, 97% used [0x00000000eaf80000,0x00000000eb079f60,0x00000000eb080000)
  to   space 3584K, 0% used [0x00000000eac00000,0x00000000eac00000,0x00000000eaf80000)
 ParOldGen       total 131072K, used 110563K [0x00000000c0000000, 0x00000000c8000000, 0x00000000eab00000)
  object space 131072K, 84% used [0x00000000c0000000,0x00000000c6bf8c20,0x00000000c8000000)
 Metaspace       used 73582K, committed 74816K, reserved 1179648K
  class space    used 7624K, committed 8256K, reserved 1048576K
}
Event: 62823.443 GC heap after
{Heap after GC invocations=610 (full 16):
 PSYoungGen      total 2560K, used 1047K [0x00000000eab00000, 0x00000000eb080000, 0x0000000100000000)
  eden space 1024K, 0% used [0x00000000eab00000,0x00000000eab00000,0x00000000eac00000)
  from space 1536K, 68% used [0x00000000eac00000,0x00000000ead05f70,0x00000000ead80000)
  to   space 2048K, 0% used [0x00000000eae80000,0x00000000eae80000,0x00000000eb080000)
 ParOldGen       total 131072K, used 110571K [0x00000000c0000000, 0x00000000c8000000, 0x00000000eab00000)
  object space 131072K, 84% used [0x00000000c0000000,0x00000000c6bfac20,0x00000000c8000000)
 Metaspace       used 73582K, committed 74816K, reserved 1179648K
  class space    used 7624K, committed 8256K, reserved 1048576K
}
Event: 62823.463 GC heap before
{Heap before GC invocations=611 (full 17):
 PSYoungGen      total 2560K, used 1047K [0x00000000eab00000, 0x00000000eb080000, 0x0000000100000000)
  eden space 1024K, 0% used [0x00000000eab00000,0x00000000eab00000,0x00000000eac00000)
  from space 1536K, 68% used [0x00000000eac00000,0x00000000ead05f70,0x00000000ead80000)
  to   space 2048K, 0% used [0x00000000eae80000,0x00000000eae80000,0x00000000eb080000)
 ParOldGen       total 131072K, used 110571K [0x00000000c0000000, 0x00000000c8000000, 0x00000000eab00000)
  object space 131072K, 84% used [0x00000000c0000000,0x00000000c6bfac20,0x00000000c8000000)
 Metaspace       used 73582K, committed 74816K, reserved 1179648K
  class space    used 7624K, committed 8256K, reserved 1048576K
}

